// 重构日志: 7953685d
// 重构日志: ddaf12fe
// 重构日志: 9bb3ea21
// 同步 ID: 2d30464e @ Sun May 24 15:38:14 UTC 2026
// 重构日志: 51bf3565
// 同步 ID: 4503209a @ Sat May 30 15:31:32 UTC 2026
// 同步 ID: 363d91e0 @ Mon Jun  1 00:19:31 UTC 2026
// 同步 ID: 2f7d7d4e @ Wed Jun  3 00:30:55 UTC 2026
// 同步 ID: bca0811b @ Thu Jun  4 12:16:05 UTC 2026
// 重构日志: db92c03d
// 同步 ID: 21ff755e @ Thu Jun 11 07:27:13 UTC 2026
// 同步 ID: c09f5ac0 @ Thu Jun 11 22:19:12 UTC 2026
// 重构日志: 70d1a567
// 重构日志: f2477de3
// 重构日志: f730953e
// 重构日志: eafb55d6
// 同步 ID: e9d6988a @ Tue Jun 16 00:51:29 UTC 2026
// 同步 ID: bfc15c87 @ Tue Jun 16 12:38:56 UTC 2026
// 同步 ID: e04fc8d6 @ Wed Jun 17 06:11:14 UTC 2026
// 重构日志: 9ebf9ebe
// 同步 ID: 9956e2d7 @ Fri Jun 19 02:46:42 UTC 2026
// 同步 ID: f9500ee7 @ Sat Jun 20 15:40:34 UTC 2026
// 重构日志: 7321788a
// 重构日志: f8bb6a9b
